Overloc-App/build/outputs/logs/manifest-merger-debug-report.txt
-- Merging decision tree log ---
manifest
ADDED from platforms/android/AndroidManifest.xml:2:1-21:12
	package
		ADDED from platforms/android/AndroidManifest.xml:2:98-140
		INJECTED from platforms/android/AndroidManifest.xml
		INJECTED from platforms/android/AndroidManifest.xml
	android:versionName
		ADDED from platforms/android/AndroidManifest.xml:2:70-97
		INJECTED from platforms/android/AndroidManifest.xml
		INJECTED from platforms/android/AndroidManifest.xml
	android:hardwareAccelerated
		ADDED from platforms/android/AndroidManifest.xml:2:11-45
	android:versionCode
		ADDED from platforms/android/AndroidManifest.xml:2:46-69
		INJECTED from platforms/android/AndroidManifest.xml
		INJECTED from platforms/android/AndroidManifest.xml
	xmlns:android
		ADDED from platforms/android/AndroidManifest.xml:2:141-199
supports-screens
ADDED from platforms/android/AndroidManifest.xml:3:5-191
	android:largeScreens
		ADDED from platforms/android/AndroidManifest.xml:3:49-76
	android:smallScreens
		ADDED from platforms/android/AndroidManifest.xml:3:132-159
	android:normalScreens
		ADDED from platforms/android/AndroidManifest.xml:3:77-105
	android:xlargeScreens
		ADDED from platforms/android/AndroidManifest.xml:3:160-188
	android:resizeable
		ADDED from platforms/android/AndroidManifest.xml:3:106-131
	android:anyDensity
		ADDED from platforms/android/AndroidManifest.xml:3:23-48
uses-permission#android.permission.INTERNET
ADDED from platforms/android/AndroidManifest.xml:4:5-67
	android:name
		ADDED from platforms/android/AndroidManifest.xml:4:22-64
uses-permission#android.permission.ACCESS_WIFI_STATE
ADDED from platforms/android/AndroidManifest.xml:5:5-76
	android:name
		ADDED from platforms/android/AndroidManifest.xml:5:22-73
uses-permission#android.permission.ACCESS_FINE_LOCATION
ADDED from platforms/android/AndroidManifest.xml:6:5-79
	android:name
		ADDED from platforms/android/AndroidManifest.xml:6:22-76
uses-permission#android.permission.ACCESS_COARSE_LOCATION
ADDED from platforms/android/AndroidManifest.xml:7:5-81
	android:name
		ADDED from platforms/android/AndroidManifest.xml:7:22-78
uses-permission#android.permission.READ_PHONE_STATE
ADDED from platforms/android/AndroidManifest.xml:8:5-92
	android:name
		ADDED from platforms/android/AndroidManifest.xml:8:22-72
uses-permission#android.permission.CHANGE_NETWORK_STATE
ADDED from platforms/android/AndroidManifest.xml:9:5-96
	android:name
		ADDED from platforms/android/AndroidManifest.xml:9:22-76
uses-permission#android.permission.CHANGE_WIFI_STATE
ADDED from platforms/android/AndroidManifest.xml:10:5-93
	android:name
		ADDED from platforms/android/AndroidManifest.xml:10:22-73
application
ADDED from platforms/android/AndroidManifest.xml:11:5-19:19
	android:label
		ADDED from platforms/android/AndroidManifest.xml:11:83-115
	android:supportsRtl
		ADDED from platforms/android/AndroidManifest.xml:11:116-142
	android:hardwareAccelerated
		ADDED from platforms/android/AndroidManifest.xml:11:18-52
	android:icon
		ADDED from platforms/android/AndroidManifest.xml:11:53-82
activity#com.ionicframework.minimap852826.MainActivity
ADDED from platforms/android/AndroidManifest.xml:12:9-18:20
	android:screenOrientation
		ADDED from platforms/android/AndroidManifest.xml:12:300-337
	android:label
		ADDED from platforms/android/AndroidManifest.xml:12:97-134
	android:launchMode
		ADDED from platforms/android/AndroidManifest.xml:12:135-165
	android:windowSoftInputMode
		ADDED from platforms/android/AndroidManifest.xml:12:257-299
	android:configChanges
		ADDED from platforms/android/AndroidManifest.xml:12:19-96
	android:theme
		ADDED from platforms/android/AndroidManifest.xml:12:194-256
	android:name
		ADDED from platforms/android/AndroidManifest.xml:12:166-193
intent-filter#android.intent.action.MAIN+android.intent.category.LAUNCHER+android.net.wifi.WIFI_STATE_CHANGED
ADDED from platforms/android/AndroidManifest.xml:13:13-17:29
	android:label
		ADDED from platforms/android/AndroidManifest.xml:13:28-65
action#android.intent.action.MAIN
ADDED from platforms/android/AndroidManifest.xml:14:17-69
	android:name
		ADDED from platforms/android/AndroidManifest.xml:14:25-66
action#android.net.wifi.WIFI_STATE_CHANGED
ADDED from platforms/android/AndroidManifest.xml:15:17-77
	android:name
		ADDED from platforms/android/AndroidManifest.xml:15:25-75
category#android.intent.category.LAUNCHER
ADDED from platforms/android/AndroidManifest.xml:16:17-77
	android:name
		ADDED from platforms/android/AndroidManifest.xml:16:27-74
uses-sdk
ADDED from platforms/android/AndroidManifest.xml:20:5-74
MERGED from [android:CordovaLib:unspecified:debug] AndroidManifest.xml:25:5-44
	android:targetSdkVersion
		ADDED from platforms/android/AndroidManifest.xml:20:42-71
	android:minSdkVersion
		ADDED from platforms/android/AndroidManifest.xml:20:15-41